
  .   ____          _            __ _ _
 /\\ / ___'_ __ _ _(_)_ __  __ _ \ \ \ \
( ( )\___ | '_ | '_| | '_ \/ _` | \ \ \ \
 \\/  ___)| |_)| | | | | || (_| |  ) ) ) )
  '  |____| .__|_| |_|_| |_\__, | / / / /
 =========|_|==============|___/=/_/_/_/

 :: Spring Boot ::                (v3.5.0)

2026-04-28T20:57:51.509+08:00  INFO 49116 --- [interview-auth-service] [           main] com.interview.auth.AuthApplication       : Starting AuthApplication using Java 17.0.18 with PID 49116 (D:\Frontend-stars\Peakstars_blog\server-java\target\classes started by Lenovo in D:\Frontend-stars\Peakstars_blog)
2026-04-28T20:57:51.518+08:00  INFO 49116 --- [interview-auth-service] [           main] com.interview.auth.AuthApplication       : The following 1 profile is active: "dev"
2026-04-28T20:57:53.009+08:00  INFO 49116 --- [interview-auth-service] [           main] .s.d.r.c.RepositoryConfigurationDelegate : Multiple Spring Data modules found, entering strict repository configuration mode
2026-04-28T20:57:53.014+08:00  INFO 49116 --- [interview-auth-service] [           main] .s.d.r.c.RepositoryConfigurationDelegate : Bootstrapping Spring Data Redis repositories in DEFAULT mode.
2026-04-28T20:57:53.073+08:00  INFO 49116 --- [interview-auth-service] [           main] .s.d.r.c.RepositoryConfigurationDelegate : Finished Spring Data repository scanning in 34 ms. Found 0 Redis repository interfaces.
2026-04-28T20:57:54.030+08:00  INFO 49116 --- [interview-auth-service] [           main] o.s.b.w.embedded.tomcat.TomcatWebServer  : Tomcat initialized with port 18080 (http)
2026-04-28T20:57:54.055+08:00  INFO 49116 --- [interview-auth-service] [           main] o.apache.catalina.core.StandardService   : Starting service [Tomcat]
2026-04-28T20:57:54.056+08:00  INFO 49116 --- [interview-auth-service] [           main] o.apache.catalina.core.StandardEngine    : Starting Servlet engine: [Apache Tomcat/10.1.41]
2026-04-28T20:57:54.152+08:00  INFO 49116 --- [interview-auth-service] [           main] o.a.c.c.C.[Tomcat].[localhost].[/]       : Initializing Spring embedded WebApplicationContext
2026-04-28T20:57:54.156+08:00  INFO 49116 --- [interview-auth-service] [           main] w.s.c.ServletWebServerApplicationContext : Root WebApplicationContext: initialization completed in 2506 ms
2026-04-28T20:57:57.666+08:00  INFO 49116 --- [interview-auth-service] [           main] o.s.b.w.embedded.tomcat.TomcatWebServer  : Tomcat started on port 18080 (http) with context path '/'
2026-04-28T20:57:57.697+08:00  INFO 49116 --- [interview-auth-service] [           main] com.interview.auth.AuthApplication       : Started AuthApplication in 6.873 seconds (process running for 7.261)
2026-04-28T20:58:08.116+08:00  INFO 49116 --- [interview-auth-service] [io-18080-exec-3] o.a.c.c.C.[Tomcat].[localhost].[/]       : Initializing Spring DispatcherServlet 'dispatcherServlet'
2026-04-28T20:58:08.117+08:00  INFO 49116 --- [interview-auth-service] [io-18080-exec-3] o.s.web.servlet.DispatcherServlet        : Initializing Servlet 'dispatcherServlet'
2026-04-28T20:58:08.119+08:00  INFO 49116 --- [interview-auth-service] [io-18080-exec-3] o.s.web.servlet.DispatcherServlet        : Completed initialization in 1 ms
2026-04-28T20:58:08.204+08:00  INFO 49116 --- [interview-auth-service] [io-18080-exec-3] com.zaxxer.hikari.HikariDataSource       : HikariPool-1 - Starting...
2026-04-28T20:58:08.553+08:00  INFO 49116 --- [interview-auth-service] [io-18080-exec-3] com.zaxxer.hikari.pool.HikariPool        : HikariPool-1 - Added connection com.mysql.cj.jdbc.ConnectionImpl@2a1ccecd
2026-04-28T20:58:08.555+08:00  INFO 49116 --- [interview-auth-service] [io-18080-exec-3] com.zaxxer.hikari.HikariDataSource       : HikariPool-1 - Start completed.
